[2025-09-12 21:31:18.367] [INFO] [dev.kostromdan.mods.crash_assistant.app.CrashAssistantApp]: CrashAssistantApp running: JVM args: [-XX:+UseSerialGC, -XX:MaxHeapFreeRatio=30, -XX:MinHeapFreeRatio=10, -XX:MaxGCPauseMillis=10000, -Xms8m, -Xmx512m]
[2025-09-12 21:31:18.369] [INFO] [dev.kostromdan.mods.crash_assistant.app.CrashAssistantApp]: CrashAssistantApp running: program args: [-jarPath, C:\Users\admin\AppData\Roaming\PrismLauncher\instances\NotPack - Performance\minecraft\local\crash_assistant\10676_1757692870170_app.jar, -parentPID, 10676, -parentStarted, 1757692870170, -platform, FORGE, -loaderJarName, fmlloader-1.20.1-47.4.0.jar, -minecraftVersion, 1.20.1, -childProcessesPIDs, VU5ERUZJTkVE, -crashAssistantModJarPath, C:\Users\admin\AppData\Roaming\PrismLauncher\instances\NotPack - Performance\minecraft\mods\CrashAssistant-forge-1.19.2-1.20.1-1.9.7.jar, -log4jApi, C:\Users\admin\AppData\Roaming\PrismLauncher\libraries\org\apache\logging\log4j\log4j-api\2.19.0\log4j-api-2.19.0.jar, -log4jCore, C:\Users\admin\AppData\Roaming\PrismLauncher\libraries\org\apache\logging\log4j\log4j-core\2.19.0\log4j-core-2.19.0.jar, -googleGson, C:\Users\admin\AppData\Roaming\PrismLauncher\libraries\com\google\code\gson\gson\2.10\gson-2.10.jar, -commonIo, C:\Users\admin\AppData\Roaming\PrismLauncher\libraries\commons-io\commons-io\2.11.0\commons-io-2.11.0.jar, -parentXms, 512m, -parentXmx, 4096m, -systemRAM, 15.9g, -processor, SW50ZWwoUikgQ29yZShUTSkgaTUtMTA0MDBGIENQVSBAIDIuOTBHSHo=, -serialisedGPUs, VnVsa2FuIEdQVSBkZXRlY3Rpb24gYWRkb24gbm90IGZvdW5kLCBmYWxsaW5nIGJhY2sgdG8gRGlyZWN0WApTdWNjZXNzZnVsbHkgZGV0ZWN0ZWQgR1BVcyB1c2luZyBEaXJlY3RYOgpERURJQ0FURUQgOiBOVklESUEgR2VGb3JjZSBHVCAxMDMwCg==, -recursiveStart]
[2025-09-12 21:31:18.373] [INFO] [dev.kostromdan.mods.crash_assistant.app.CrashAssistantApp]: CrashAssistantApp running from: C:\Users\admin\AppData\Roaming\PrismLauncher\instances\NotPack - Performance\minecraft
[2025-09-12 21:31:18.373] [INFO] [dev.kostromdan.mods.crash_assistant.app.CrashAssistantApp]: crashAssistantJarName: CrashAssistant-forge-1.19.2-1.20.1-1.9.7.jar
[2025-09-12 21:31:18.374] [INFO] [dev.kostromdan.mods.crash_assistant.app.CrashAssistantApp]: Parent PID: 10676
[2025-09-12 21:31:18.374] [INFO] [dev.kostromdan.mods.crash_assistant.app.CrashAssistantApp]: Parent started: 1757692870170
[2025-09-12 21:31:18.377] [INFO] [dev.kostromdan.mods.crash_assistant.app.CrashAssistantApp]: Platform: FORGE
[2025-09-12 21:31:18.378] [INFO] [dev.kostromdan.mods.crash_assistant.app.CrashAssistantApp]: loaderJarName: fmlloader-1.20.1-47.4.0.jar
[2025-09-12 21:31:18.378] [INFO] [dev.kostromdan.mods.crash_assistant.app.CrashAssistantApp]: minecraftVersion: 1.20.1
[2025-09-12 21:31:18.379] [INFO] [dev.kostromdan.mods.crash_assistant.app.CrashAssistantApp]: childProcessesPIDs: UNDEFINED
[2025-09-12 21:31:18.380] [INFO] [dev.kostromdan.mods.crash_assistant.app.CrashAssistantApp]: parentXms: 512m
[2025-09-12 21:31:18.380] [INFO] [dev.kostromdan.mods.crash_assistant.app.CrashAssistantApp]: parentXmx: 4096m
[2025-09-12 21:31:18.381] [INFO] [dev.kostromdan.mods.crash_assistant.app.CrashAssistantApp]: systemRAM: 15.9g
[2025-09-12 21:31:18.381] [INFO] [dev.kostromdan.mods.crash_assistant.app.CrashAssistantApp]: processor: Intel(R) Core(TM) i5-10400F CPU @ 2.90GHz
[2025-09-12 21:31:18.382] [INFO] [dev.kostromdan.mods.crash_assistant.app.CrashAssistantApp]: Boot.serialisedGPUs:
Vulkan GPU detection addon not found, falling back to DirectX
Successfully detected GPUs using DirectX:
DEDICATED : NVIDIA GeForce GT 1030

[2025-09-12 21:31:18.382] [INFO] [dev.kostromdan.mods.crash_assistant.app.CrashAssistantApp]: os.name: windows 11
[2025-09-12 21:31:18.392] [INFO] [dev.kostromdan.mods.crash_assistant.app.CrashAssistantApp]: Java path: C:\Users\admin\AppData\Roaming\PrismLauncher\java\java-runtime-gamma\bin\javaw.exe
[2025-09-12 21:31:18.393] [INFO] [dev.kostromdan.mods.crash_assistant.app.CrashAssistantApp]: Java version: 17.0.8+7-LTS
[2025-09-12 21:31:18.433] [INFO] [dev.kostromdan.mods.crash_assistant.app.CrashAssistantApp]: CrashAssistantApp started successfully. Waiting for PID 10676 to stop.
[2025-09-12 21:31:49.196] [INFO] [dev.kostromdan.mods.crash_assistant.app.CrashAssistantApp]: Minecraft is running on renderer:
NVIDIA GeForce GT 1030/PCIe/SSE2
[2025-09-12 21:41:22.481] [INFO] [dev.kostromdan.mods.crash_assistant.app.CrashAssistantApp]: PID "10676" is not alive or reused by another process. Minecraft JVM appears to have stopped.
[2025-09-12 21:41:22.585] [INFO] [dev.kostromdan.mods.crash_assistant.app.CrashAssistantApp]: Adding latest.log from C:\Users\admin\AppData\Roaming\PrismLauncher\instances\NotPack - Performance\minecraft\logs\latest.log
[2025-09-12 21:41:22.600] [INFO] [dev.kostromdan.mods.crash_assistant.app.CrashAssistantApp]: Adding debug.log from C:\Users\admin\AppData\Roaming\PrismLauncher\instances\NotPack - Performance\minecraft\logs\debug.log
[2025-09-12 21:41:22.624] [INFO] [dev.kostromdan.mods.crash_assistant.app.CrashAssistantApp]: Adding PrismLauncher-0.log from C:\Users\admin\AppData\Roaming\PrismLauncher\instances\NotPack - Performance\minecraft\..\..\..\logs\PrismLauncher-0.log
[2025-09-12 21:41:22.643] [INFO] [dev.kostromdan.mods.crash_assistant.app.CrashAssistantApp]: Adding KubeJS: client.log from C:\Users\admin\AppData\Roaming\PrismLauncher\instances\NotPack - Performance\minecraft\logs\kubejs\client.log
[2025-09-12 21:41:22.658] [INFO] [dev.kostromdan.mods.crash_assistant.app.CrashAssistantApp]: Adding KubeJS: server.log from C:\Users\admin\AppData\Roaming\PrismLauncher\instances\NotPack - Performance\minecraft\logs\kubejs\server.log
[2025-09-12 21:41:22.673] [INFO] [dev.kostromdan.mods.crash_assistant.app.CrashAssistantApp]: Adding KubeJS: startup.log from C:\Users\admin\AppData\Roaming\PrismLauncher\instances\NotPack - Performance\minecraft\logs\kubejs\startup.log
[2025-09-12 21:41:22.690] [INFO] [dev.kostromdan.mods.crash_assistant.app.CrashAssistantApp]: Adding crafttweaker.log from C:\Users\admin\AppData\Roaming\PrismLauncher\instances\NotPack - Performance\minecraft\logs\crafttweaker.log
[2025-09-12 21:41:22.706] [INFO] [dev.kostromdan.mods.crash_assistant.app.CrashAssistantApp]: Adding crash_assistant_app.log from C:\Users\admin\AppData\Roaming\PrismLauncher\instances\NotPack - Performance\minecraft\logs\crash_assistant\crash_assistant_app.log
[2025-09-12 21:41:22.707] [INFO] [dev.kostromdan.mods.crash_assistant.app.CrashAssistantApp]: Reached first tick of TitleScreen: true
[2025-09-12 21:41:22.707] [INFO] [dev.kostromdan.mods.crash_assistant.app.CrashAssistantApp]: Joined world successfully: true
[2025-09-12 21:41:22.707] [INFO] [dev.kostromdan.mods.crash_assistant.app.CrashAssistantApp]: Stop function of Minecraft fired: true
[2025-09-12 21:41:22.708] [INFO] [dev.kostromdan.mods.crash_assistant.app.CrashAssistantApp]: Seems like Minecraft finished normally. Trying to locate terminated processes and Exiting Crash Assistant app.
